[negroni] 2021-06-17T17:11:41+01:00 | 204 | 	 156.272µs | localhost:8080 | GET /api/v2/ping
[negroni] 2021-06-17T17:11:41+01:00 | 201 | 	 8.747353ms | localhost:8080 | POST /api/v2/organizations
[negroni] 2021-06-17T17:11:41+01:00 | 200 | 	 79.951µs | localhost:8080 | GET /.well-known/terraform.json
[negroni] 2021-06-17T17:11:42+01:00 | 204 | 	 25.43µs | localhost:8080 | GET /api/v2/ping
[negroni] 2021-06-17T17:11:42+01:00 | 200 | 	 90.932µs | localhost:8080 | GET /api/v2/organizations/automatize/entitlement-set
[negroni] 2021-06-17T17:11:42+01:00 | 404 | 	 504.487µs | localhost:8080 | GET /api/v2/organizations/automatize/workspaces/dev
[negroni] 2021-06-17T17:11:42+01:00 | 201 | 	 5.730312ms | localhost:8080 | POST /api/v2/organizations/automatize/workspaces
[negroni] 2021-06-17T17:11:42+01:00 | 404 | 	 1.371839ms | localhost:8080 | GET /api/v2/workspaces/ws-wbTECXjI1hV0iWHa/current-state-version
[negroni] 2021-06-17T17:11:44+01:00 | 200 | 	 50.42µs | localhost:8080 | GET /.well-known/terraform.json
[negroni] 2021-06-17T17:11:45+01:00 | 204 | 	 28.64µs | localhost:8080 | GET /api/v2/ping
[negroni] 2021-06-17T17:11:45+01:00 | 200 | 	 104.181µs | localhost:8080 | GET /api/v2/organizations/automatize/entitlement-set
[negroni] 2021-06-17T17:11:45+01:00 | 200 | 	 608.818µs | localhost:8080 | GET /api/v2/organizations/automatize/workspaces/dev
[negroni] 2021-06-17T17:11:45+01:00 | 200 | 	 645.769µs | localhost:8080 | GET /api/v2/organizations/automatize/workspaces/dev
[negroni] 2021-06-17T17:11:45+01:00 | 200 | 	 8.940776ms | localhost:8080 | POST /api/v2/workspaces/ws-wbTECXjI1hV0iWHa/actions/lock
[negroni] 2021-06-17T17:11:45+01:00 | 404 | 	 400.266µs | localhost:8080 | GET /api/v2/workspaces/ws-wbTECXjI1hV0iWHa/current-state-version
[negroni] 2021-06-17T17:11:45+01:00 | 200 | 	 8.285557ms | localhost:8080 | POST /api/v2/workspaces/ws-wbTECXjI1hV0iWHa/actions/unlock
[negroni] 2021-06-17T17:11:45+01:00 | 200 | 	 34.18µs | localhost:8080 | GET /.well-known/terraform.json
[negroni] 2021-06-17T17:11:45+01:00 | 204 | 	 40.141µs | localhost:8080 | GET /api/v2/ping
[negroni] 2021-06-17T17:11:45+01:00 | 200 | 	 116.361µs | localhost:8080 | GET /api/v2/organizations/automatize/entitlement-set
[negroni] 2021-06-17T17:11:46+01:00 | 200 | 	 386.535µs | localhost:8080 | GET /api/v2/organizations/automatize/workspaces/dev
[negroni] 2021-06-17T17:11:46+01:00 | 200 | 	 604.049µs | localhost:8080 | GET /api/v2/organizations/automatize/workspaces/dev
[negroni] 2021-06-17T17:11:46+01:00 | 200 | 	 7.991171ms | localhost:8080 | POST /api/v2/workspaces/ws-wbTECXjI1hV0iWHa/actions/lock
[negroni] 2021-06-17T17:11:46+01:00 | 404 | 	 388.685µs | localhost:8080 | GET /api/v2/workspaces/ws-wbTECXjI1hV0iWHa/current-state-version
[negroni] 2021-06-17T17:11:46+01:00 | 404 | 	 365.155µs | localhost:8080 | GET /api/v2/workspaces/ws-wbTECXjI1hV0iWHa/current-state-version
[negroni] 2021-06-17T17:11:46+01:00 | 201 | 	 5.857661ms | localhost:8080 | POST /api/v2/workspaces/ws-wbTECXjI1hV0iWHa/state-versions
[negroni] 2021-06-17T17:11:46+01:00 | 200 | 	 5.62169ms | localhost:8080 | POST /api/v2/workspaces/ws-wbTECXjI1hV0iWHa/actions/unlock
